<?xml version="1.0" encoding="UTF-8"?>
<testsuite xmlns:xsi="http://www.w3.org/2001/XMLSchema-instance" xsi:noNamespaceSchemaLocation="https://maven.apache.org/surefire/maven-surefire-plugin/xsd/surefire-test-report-3.0.xsd" version="3.0" name="com.email.writer.EmailWriterBackendApplicationTests" time="7.821" tests="1" errors="0" skipped="0" failures="0">
  <properties>
    <property name="java.specification.version" value="17"/>
    <property name="sun.cpu.isalist" value="amd64"/>
    <property name="sun.jnu.encoding" value="Cp1252"/>
    <property name="java.class.path" value="C:\Users\LAKSHAYA\Desktop\CODING\java\Projects\Smart Email Assistant\Backend\email-writer-backend\target\test-classes;C:\Users\LAKSHAYA\Desktop\CODING\java\Projects\Smart Email Assistant\Backend\email-writer-backend\target\classes;C:\Users\LAKSHAYA\.m2\repository\org\springframework\boot\spring-boot-starter-web\3.2.3\spring-boot-starter-web-3.2.3.jar;C:\Users\LAKSHAYA\.m2\repository\org\springframework\boot\spring-boot-starter\3.2.3\spring-boot-starter-3.2.3.jar;C:\Users\LAKSHAYA\.m2\repository\org\springframework\boot\spring-boot\3.2.3\spring-boot-3.2.3.jar;C:\Users\LAKSHAYA\.m2\repository\org\springframework\boot\spring-boot-autoconfigure\3.2.3\spring-boot-autoconfigure-3.2.3.jar;C:\Users\LAKSHAYA\.m2\repository\org\springframework\boot\spring-boot-starter-logging\3.2.3\spring-boot-starter-logging-3.2.3.jar;C:\Users\LAKSHAYA\.m2\repository\ch\qos\logback\logback-classic\1.4.14\logback-classic-1.4.14.jar;C:\Users\LAKSHAYA\.m2\repository\ch\qos\logback\logback-core\1.4.14\logback-core-1.4.14.jar;C:\Users\LAKSHAYA\.m2\repository\org\apache\logging\log4j\log4j-to-slf4j\2.21.1\log4j-to-slf4j-2.21.1.jar;C:\Users\LAKSHAYA\.m2\repository\org\apache\logging\log4j\log4j-api\2.21.1\log4j-api-2.21.1.jar;C:\Users\LAKSHAYA\.m2\repository\org\slf4j\jul-to-slf4j\2.0.12\jul-to-slf4j-2.0.12.jar;C:\Users\LAKSHAYA\.m2\repository\jakarta\annotation\jakarta.annotation-api\2.1.1\jakarta.annotation-api-2.1.1.jar;C:\Users\LAKSHAYA\.m2\repository\org\yaml\snakeyaml\2.2\snakeyaml-2.2.jar;C:\Users\LAKSHAYA\.m2\repository\org\springframework\boot\spring-boot-starter-json\3.2.3\spring-boot-starter-json-3.2.3.jar;C:\Users\LAKSHAYA\.m2\repository\com\fasterxml\jackson\datatype\jackson-datatype-jdk8\2.15.4\jackson-datatype-jdk8-2.15.4.jar;C:\Users\LAKSHAYA\.m2\repository\com\fasterxml\jackson\datatype\jackson-datatype-jsr310\2.15.4\jackson-datatype-jsr310-2.15.4.jar;C:\Users\LAKSHAYA\.m2\repository\com\fasterxml\jackson\module\jackson-module-parameter-names\2.15.4\jackson-module-parameter-names-2.15.4.jar;C:\Users\LAKSHAYA\.m2\repository\org\springframework\boot\spring-boot-starter-tomcat\3.2.3\spring-boot-starter-tomcat-3.2.3.jar;C:\Users\LAKSHAYA\.m2\repository\org\apache\tomcat\embed\tomcat-embed-core\10.1.19\tomcat-embed-core-10.1.19.jar;C:\Users\LAKSHAYA\.m2\repository\org\apache\tomcat\embed\tomcat-embed-websocket\10.1.19\tomcat-embed-websocket-10.1.19.jar;C:\Users\LAKSHAYA\.m2\repository\org\springframework\spring-web\6.1.4\spring-web-6.1.4.jar;C:\Users\LAKSHAYA\.m2\repository\org\springframework\spring-beans\6.1.4\spring-beans-6.1.4.jar;C:\Users\LAKSHAYA\.m2\repository\io\micrometer\micrometer-observation\1.12.3\micrometer-observation-1.12.3.jar;C:\Users\LAKSHAYA\.m2\repository\io\micrometer\micrometer-commons\1.12.3\micrometer-commons-1.12.3.jar;C:\Users\LAKSHAYA\.m2\repository\org\springframework\spring-webmvc\6.1.4\spring-webmvc-6.1.4.jar;C:\Users\LAKSHAYA\.m2\repository\org\springframework\spring-context\6.1.4\spring-context-6.1.4.jar;C:\Users\LAKSHAYA\.m2\repository\org\springframework\spring-expression\6.1.4\spring-expression-6.1.4.jar;C:\Users\LAKSHAYA\.m2\repository\org\springframework\boot\spring-boot-starter-webflux\3.2.3\spring-boot-starter-webflux-3.2.3.jar;C:\Users\LAKSHAYA\.m2\repository\org\springframework\boot\spring-boot-starter-reactor-netty\3.2.3\spring-boot-starter-reactor-netty-3.2.3.jar;C:\Users\LAKSHAYA\.m2\repository\io\projectreactor\netty\reactor-netty-http\1.1.16\reactor-netty-http-1.1.16.jar;C:\Users\LAKSHAYA\.m2\repository\io\netty\netty-codec-http\4.1.107.Final\netty-codec-http-4.1.107.Final.jar;C:\Users\LAKSHAYA\.m2\repository\io\netty\netty-common\4.1.107.Final\netty-common-4.1.107.Final.jar;C:\Users\LAKSHAYA\.m2\repository\io\netty\netty-buffer\4.1.107.Final\netty-buffer-4.1.107.Final.jar;C:\Users\LAKSHAYA\.m2\repository\io\netty\netty-transport\4.1.107.Final\netty-transport-4.1.107.Final.jar;C:\Users\LAKSHAYA\.m2\repository\io\netty\netty-codec\4.1.107.Final\netty-codec-4.1.107.Final.jar;C:\Users\LAKSHAYA\.m2\repository\io\netty\netty-handler\4.1.107.Final\netty-handler-4.1.107.Final.jar;C:\Users\LAKSHAYA\.m2\repository\io\netty\netty-codec-http2\4.1.107.Final\netty-codec-http2-4.1.107.Final.jar;C:\Users\LAKSHAYA\.m2\repository\io\netty\netty-resolver-dns\4.1.107.Final\netty-resolver-dns-4.1.107.Final.jar;C:\Users\LAKSHAYA\.m2\repository\io\netty\netty-resolver\4.1.107.Final\netty-resolver-4.1.107.Final.jar;C:\Users\LAKSHAYA\.m2\repository\io\netty\netty-codec-dns\4.1.107.Final\netty-codec-dns-4.1.107.Final.jar;C:\Users\LAKSHAYA\.m2\repository\io\netty\netty-resolver-dns-native-macos\4.1.107.Final\netty-resolver-dns-native-macos-4.1.107.Final-osx-x86_64.jar;C:\Users\LAKSHAYA\.m2\repository\io\netty\netty-resolver-dns-classes-macos\4.1.107.Final\netty-resolver-dns-classes-macos-4.1.107.Final.jar;C:\Users\LAKSHAYA\.m2\repository\io\netty\netty-transport-native-epoll\4.1.107.Final\netty-transport-native-epoll-4.1.107.Final-linux-x86_64.jar;C:\Users\LAKSHAYA\.m2\repository\io\netty\netty-transport-native-unix-common\4.1.107.Final\netty-transport-native-unix-common-4.1.107.Final.jar;C:\Users\LAKSHAYA\.m2\repository\io\netty\netty-transport-classes-epoll\4.1.107.Final\netty-transport-classes-epoll-4.1.107.Final.jar;C:\Users\LAKSHAYA\.m2\repository\io\projectreactor\netty\reactor-netty-core\1.1.16\reactor-netty-core-1.1.16.jar;C:\Users\LAKSHAYA\.m2\repository\io\netty\netty-handler-proxy\4.1.107.Final\netty-handler-proxy-4.1.107.Final.jar;C:\Users\LAKSHAYA\.m2\repository\io\netty\netty-codec-socks\4.1.107.Final\netty-codec-socks-4.1.107.Final.jar;C:\Users\LAKSHAYA\.m2\repository\org\springframework\spring-webflux\6.1.4\spring-webflux-6.1.4.jar;C:\Users\LAKSHAYA\.m2\repository\io\projectreactor\reactor-core\3.6.3\reactor-core-3.6.3.jar;C:\Users\LAKSHAYA\.m2\repository\org\reactivestreams\reactive-streams\1.0.4\reactive-streams-1.0.4.jar;C:\Users\LAKSHAYA\.m2\repository\org\springframework\boot\spring-boot-starter-data-jpa\3.2.3\spring-boot-starter-data-jpa-3.2.3.jar;C:\Users\LAKSHAYA\.m2\repository\org\springframework\boot\spring-boot-starter-aop\3.2.3\spring-boot-starter-aop-3.2.3.jar;C:\Users\LAKSHAYA\.m2\repository\org\aspectj\aspectjweaver\1.9.21\aspectjweaver-1.9.21.jar;C:\Users\LAKSHAYA\.m2\repository\org\springframework\boot\spring-boot-starter-jdbc\3.2.3\spring-boot-starter-jdbc-3.2.3.jar;C:\Users\LAKSHAYA\.m2\repository\com\zaxxer\HikariCP\5.0.1\HikariCP-5.0.1.jar;C:\Users\LAKSHAYA\.m2\repository\org\springframework\spring-jdbc\6.1.4\spring-jdbc-6.1.4.jar;C:\Users\LAKSHAYA\.m2\repository\org\hibernate\orm\hibernate-core\6.4.4.Final\hibernate-core-6.4.4.Final.jar;C:\Users\LAKSHAYA\.m2\repository\jakarta\persistence\jakarta.persistence-api\3.1.0\jakarta.persistence-api-3.1.0.jar;C:\Users\LAKSHAYA\.m2\repository\jakarta\transaction\jakarta.transaction-api\2.0.1\jakarta.transaction-api-2.0.1.jar;C:\Users\LAKSHAYA\.m2\repository\org\jboss\logging\jboss-logging\3.5.3.Final\jboss-logging-3.5.3.Final.jar;C:\Users\LAKSHAYA\.m2\repository\org\hibernate\common\hibernate-commons-annotations\6.0.6.Final\hibernate-commons-annotations-6.0.6.Final.jar;C:\Users\LAKSHAYA\.m2\repository\io\smallrye\jandex\3.1.2\jandex-3.1.2.jar;C:\Users\LAKSHAYA\.m2\repository\com\fasterxml\classmate\1.6.0\classmate-1.6.0.jar;C:\Users\LAKSHAYA\.m2\repository\net\bytebuddy\byte-buddy\1.14.12\byte-buddy-1.14.12.jar;C:\Users\LAKSHAYA\.m2\repository\org\glassfish\jaxb\jaxb-runtime\4.0.4\jaxb-runtime-4.0.4.jar;C:\Users\LAKSHAYA\.m2\repository\org\glassfish\jaxb\jaxb-core\4.0.4\jaxb-core-4.0.4.jar;C:\Users\LAKSHAYA\.m2\repository\org\eclipse\angus\angus-activation\2.0.1\angus-activation-2.0.1.jar;C:\Users\LAKSHAYA\.m2\repository\org\glassfish\jaxb\txw2\4.0.4\txw2-4.0.4.jar;C:\Users\LAKSHAYA\.m2\repository\com\sun\istack\istack-commons-runtime\4.1.2\istack-commons-runtime-4.1.2.jar;C:\Users\LAKSHAYA\.m2\repository\jakarta\inject\jakarta.inject-api\2.0.1\jakarta.inject-api-2.0.1.jar;C:\Users\LAKSHAYA\.m2\repository\org\antlr\antlr4-runtime\4.13.0\antlr4-runtime-4.13.0.jar;C:\Users\LAKSHAYA\.m2\repository\org\springframework\data\spring-data-jpa\3.2.3\spring-data-jpa-3.2.3.jar;C:\Users\LAKSHAYA\.m2\repository\org\springframework\data\spring-data-commons\3.2.3\spring-data-commons-3.2.3.jar;C:\Users\LAKSHAYA\.m2\repository\org\springframework\spring-orm\6.1.4\spring-orm-6.1.4.jar;C:\Users\LAKSHAYA\.m2\repository\org\springframework\spring-tx\6.1.4\spring-tx-6.1.4.jar;C:\Users\LAKSHAYA\.m2\repository\org\slf4j\slf4j-api\2.0.12\slf4j-api-2.0.12.jar;C:\Users\LAKSHAYA\.m2\repository\org\springframework\spring-aspects\6.1.4\spring-aspects-6.1.4.jar;C:\Users\LAKSHAYA\.m2\repository\org\springframework\boot\spring-boot-starter-security\3.2.3\spring-boot-starter-security-3.2.3.jar;C:\Users\LAKSHAYA\.m2\repository\org\springframework\spring-aop\6.1.4\spring-aop-6.1.4.jar;C:\Users\LAKSHAYA\.m2\repository\org\springframework\security\spring-security-config\6.2.2\spring-security-config-6.2.2.jar;C:\Users\LAKSHAYA\.m2\repository\org\springframework\security\spring-security-web\6.2.2\spring-security-web-6.2.2.jar;C:\Users\LAKSHAYA\.m2\repository\org\springframework\boot\spring-boot-starter-validation\3.2.3\spring-boot-starter-validation-3.2.3.jar;C:\Users\LAKSHAYA\.m2\repository\org\apache\tomcat\embed\tomcat-embed-el\10.1.19\tomcat-embed-el-10.1.19.jar;C:\Users\LAKSHAYA\.m2\repository\org\hibernate\validator\hibernate-validator\8.0.1.Final\hibernate-validator-8.0.1.Final.jar;C:\Users\LAKSHAYA\.m2\repository\jakarta\validation\jakarta.validation-api\3.0.2\jakarta.validation-api-3.0.2.jar;C:\Users\LAKSHAYA\.m2\repository\com\mysql\mysql-connector-j\8.3.0\mysql-connector-j-8.3.0.jar;C:\Users\LAKSHAYA\.m2\repository\io\jsonwebtoken\jjwt-api\0.11.5\jjwt-api-0.11.5.jar;C:\Users\LAKSHAYA\.m2\repository\io\jsonwebtoken\jjwt-impl\0.11.5\jjwt-impl-0.11.5.jar;C:\Users\LAKSHAYA\.m2\repository\io\jsonwebtoken\jjwt-jackson\0.11.5\jjwt-jackson-0.11.5.jar;C:\Users\LAKSHAYA\.m2\repository\com\fasterxml\jackson\core\jackson-databind\2.15.4\jackson-databind-2.15.4.jar;C:\Users\LAKSHAYA\.m2\repository\com\fasterxml\jackson\core\jackson-annotations\2.15.4\jackson-annotations-2.15.4.jar;C:\Users\LAKSHAYA\.m2\repository\com\fasterxml\jackson\core\jackson-core\2.15.4\jackson-core-2.15.4.jar;C:\Users\LAKSHAYA\.m2\repository\org\projectlombok\lombok\1.18.30\lombok-1.18.30.jar;C:\Users\LAKSHAYA\.m2\repository\org\springframework\boot\spring-boot-starter-test\3.2.3\spring-boot-starter-test-3.2.3.jar;C:\Users\LAKSHAYA\.m2\repository\org\springframework\boot\spring-boot-test\3.2.3\spring-boot-test-3.2.3.jar;C:\Users\LAKSHAYA\.m2\repository\org\springframework\boot\spring-boot-test-autoconfigure\3.2.3\spring-boot-test-autoconfigure-3.2.3.jar;C:\Users\LAKSHAYA\.m2\repository\com\jayway\jsonpath\json-path\2.9.0\json-path-2.9.0.jar;C:\Users\LAKSHAYA\.m2\repository\jakarta\xml\bind\jakarta.xml.bind-api\4.0.1\jakarta.xml.bind-api-4.0.1.jar;C:\Users\LAKSHAYA\.m2\repository\jakarta\activation\jakarta.activation-api\2.1.2\jakarta.activation-api-2.1.2.jar;C:\Users\LAKSHAYA\.m2\repository\net\minidev\json-smart\2.5.0\json-smart-2.5.0.jar;C:\Users\LAKSHAYA\.m2\repository\net\minidev\accessors-smart\2.5.0\accessors-smart-2.5.0.jar;C:\Users\LAKSHAYA\.m2\repository\org\ow2\asm\asm\9.3\asm-9.3.jar;C:\Users\LAKSHAYA\.m2\repository\org\assertj\assertj-core\3.24.2\assertj-core-3.24.2.jar;C:\Users\LAKSHAYA\.m2\repository\org\awaitility\awaitility\4.2.0\awaitility-4.2.0.jar;C:\Users\LAKSHAYA\.m2\repository\org\hamcrest\hamcrest\2.2\hamcrest-2.2.jar;C:\Users\LAKSHAYA\.m2\repository\org\junit\jupiter\junit-jupiter\5.10.2\junit-jupiter-5.10.2.jar;C:\Users\LAKSHAYA\.m2\repository\org\junit\jupiter\junit-jupiter-api\5.10.2\junit-jupiter-api-5.10.2.jar;C:\Users\LAKSHAYA\.m2\repository\org\opentest4j\opentest4j\1.3.0\opentest4j-1.3.0.jar;C:\Users\LAKSHAYA\.m2\repository\org\junit\platform\junit-platform-commons\1.10.2\junit-platform-commons-1.10.2.jar;C:\Users\LAKSHAYA\.m2\repository\org\apiguardian\apiguardian-api\1.1.2\apiguardian-api-1.1.2.jar;C:\Users\LAKSHAYA\.m2\repository\org\junit\jupiter\junit-jupiter-params\5.10.2\junit-jupiter-params-5.10.2.jar;C:\Users\LAKSHAYA\.m2\repository\org\junit\jupiter\junit-jupiter-engine\5.10.2\junit-jupiter-engine-5.10.2.jar;C:\Users\LAKSHAYA\.m2\repository\org\junit\platform\junit-platform-engine\1.10.2\junit-platform-engine-1.10.2.jar;C:\Users\LAKSHAYA\.m2\repository\org\mockito\mockito-core\5.7.0\mockito-core-5.7.0.jar;C:\Users\LAKSHAYA\.m2\repository\net\bytebuddy\byte-buddy-agent\1.14.12\byte-buddy-agent-1.14.12.jar;C:\Users\LAKSHAYA\.m2\repository\org\objenesis\objenesis\3.3\objenesis-3.3.jar;C:\Users\LAKSHAYA\.m2\repository\org\mockito\mockito-junit-jupiter\5.7.0\mockito-junit-jupiter-5.7.0.jar;C:\Users\LAKSHAYA\.m2\repository\org\skyscreamer\jsonassert\1.5.1\jsonassert-1.5.1.jar;C:\Users\LAKSHAYA\.m2\repository\com\vaadin\external\google\android-json\0.0.20131108.vaadin1\android-json-0.0.20131108.vaadin1.jar;C:\Users\LAKSHAYA\.m2\repository\org\springframework\spring-core\6.1.4\spring-core-6.1.4.jar;C:\Users\LAKSHAYA\.m2\repository\org\springframework\spring-jcl\6.1.4\spring-jcl-6.1.4.jar;C:\Users\LAKSHAYA\.m2\repository\org\springframework\spring-test\6.1.4\spring-test-6.1.4.jar;C:\Users\LAKSHAYA\.m2\repository\org\xmlunit\xmlunit-core\2.9.1\xmlunit-core-2.9.1.jar;C:\Users\LAKSHAYA\.m2\repository\org\springframework\security\spring-security-test\6.2.2\spring-security-test-6.2.2.jar;C:\Users\LAKSHAYA\.m2\repository\org\springframework\security\spring-security-core\6.2.2\spring-security-core-6.2.2.jar;C:\Users\LAKSHAYA\.m2\repository\org\springframework\security\spring-security-crypto\6.2.2\spring-security-crypto-6.2.2.jar;"/>
    <property name="java.vm.vendor" value="Oracle Corporation"/>
    <property name="sun.arch.data.model" value="64"/>
    <property name="user.variant" value=""/>
    <property name="java.vendor.url" value="https://java.oracle.com/"/>
    <property name="user.timezone" value="Asia/Calcutta"/>
    <property name="org.jboss.logging.provider" value="slf4j"/>
    <property name="os.name" value="Windows 11"/>
    <property name="java.vm.specification.version" value="17"/>
    <property name="sun.java.launcher" value="SUN_STANDARD"/>
    <property name="user.country" value="IN"/>
    <property name="sun.boot.library.path" value="C:\Program Files\Java\jdk-17\bin"/>
    <property name="sun.java.command" value="C:\Users\LAKSHAYA\AppData\Local\Temp\surefire4729849997899266052\surefirebooter-20250913143330354_3.jar C:\Users\LAKSHAYA\AppData\Local\Temp\surefire4729849997899266052 2025-09-13T14-33-30_145-jvmRun1 surefire-20250913143330354_1tmp surefire_0-20250913143330354_2tmp"/>
    <property name="jdk.debug" value="release"/>
    <property name="surefire.test.class.path" value="C:\Users\LAKSHAYA\Desktop\CODING\java\Projects\Smart Email Assistant\Backend\email-writer-backend\target\test-classes;C:\Users\LAKSHAYA\Desktop\CODING\java\Projects\Smart Email Assistant\Backend\email-writer-backend\target\classes;C:\Users\LAKSHAYA\.m2\repository\org\springframework\boot\spring-boot-starter-web\3.2.3\spring-boot-starter-web-3.2.3.jar;C:\Users\LAKSHAYA\.m2\repository\org\springframework\boot\spring-boot-starter\3.2.3\spring-boot-starter-3.2.3.jar;C:\Users\LAKSHAYA\.m2\repository\org\springframework\boot\spring-boot\3.2.3\spring-boot-3.2.3.jar;C:\Users\LAKSHAYA\.m2\repository\org\springframework\boot\spring-boot-autoconfigure\3.2.3\spring-boot-autoconfigure-3.2.3.jar;C:\Users\LAKSHAYA\.m2\repository\org\springframework\boot\spring-boot-starter-logging\3.2.3\spring-boot-starter-logging-3.2.3.jar;C:\Users\LAKSHAYA\.m2\repository\ch\qos\logback\logback-classic\1.4.14\logback-classic-1.4.14.jar;C:\Users\LAKSHAYA\.m2\repository\ch\qos\logback\logback-core\1.4.14\logback-core-1.4.14.jar;C:\Users\LAKSHAYA\.m2\repository\org\apache\logging\log4j\log4j-to-slf4j\2.21.1\log4j-to-slf4j-2.21.1.jar;C:\Users\LAKSHAYA\.m2\repository\org\apache\logging\log4j\log4j-api\2.21.1\log4j-api-2.21.1.jar;C:\Users\LAKSHAYA\.m2\repository\org\slf4j\jul-to-slf4j\2.0.12\jul-to-slf4j-2.0.12.jar;C:\Users\LAKSHAYA\.m2\repository\jakarta\annotation\jakarta.annotation-api\2.1.1\jakarta.annotation-api-2.1.1.jar;C:\Users\LAKSHAYA\.m2\repository\org\yaml\snakeyaml\2.2\snakeyaml-2.2.jar;C:\Users\LAKSHAYA\.m2\repository\org\springframework\boot\spring-boot-starter-json\3.2.3\spring-boot-starter-json-3.2.3.jar;C:\Users\LAKSHAYA\.m2\repository\com\fasterxml\jackson\datatype\jackson-datatype-jdk8\2.15.4\jackson-datatype-jdk8-2.15.4.jar;C:\Users\LAKSHAYA\.m2\repository\com\fasterxml\jackson\datatype\jackson-datatype-jsr310\2.15.4\jackson-datatype-jsr310-2.15.4.jar;C:\Users\LAKSHAYA\.m2\repository\com\fasterxml\jackson\module\jackson-module-parameter-names\2.15.4\jackson-module-parameter-names-2.15.4.jar;C:\Users\LAKSHAYA\.m2\repository\org\springframework\boot\spring-boot-starter-tomcat\3.2.3\spring-boot-starter-tomcat-3.2.3.jar;C:\Users\LAKSHAYA\.m2\repository\org\apache\tomcat\embed\tomcat-embed-core\10.1.19\tomcat-embed-core-10.1.19.jar;C:\Users\LAKSHAYA\.m2\repository\org\apache\tomcat\embed\tomcat-embed-websocket\10.1.19\tomcat-embed-websocket-10.1.19.jar;C:\Users\LAKSHAYA\.m2\repository\org\springframework\spring-web\6.1.4\spring-web-6.1.4.jar;C:\Users\LAKSHAYA\.m2\repository\org\springframework\spring-beans\6.1.4\spring-beans-6.1.4.jar;C:\Users\LAKSHAYA\.m2\repository\io\micrometer\micrometer-observation\1.12.3\micrometer-observation-1.12.3.jar;C:\Users\LAKSHAYA\.m2\repository\io\micrometer\micrometer-commons\1.12.3\micrometer-commons-1.12.3.jar;C:\Users\LAKSHAYA\.m2\repository\org\springframework\spring-webmvc\6.1.4\spring-webmvc-6.1.4.jar;C:\Users\LAKSHAYA\.m2\repository\org\springframework\spring-context\6.1.4\spring-context-6.1.4.jar;C:\Users\LAKSHAYA\.m2\repository\org\springframework\spring-expression\6.1.4\spring-expression-6.1.4.jar;C:\Users\LAKSHAYA\.m2\repository\org\springframework\boot\spring-boot-starter-webflux\3.2.3\spring-boot-starter-webflux-3.2.3.jar;C:\Users\LAKSHAYA\.m2\repository\org\springframework\boot\spring-boot-starter-reactor-netty\3.2.3\spring-boot-starter-reactor-netty-3.2.3.jar;C:\Users\LAKSHAYA\.m2\repository\io\projectreactor\netty\reactor-netty-http\1.1.16\reactor-netty-http-1.1.16.jar;C:\Users\LAKSHAYA\.m2\repository\io\netty\netty-codec-http\4.1.107.Final\netty-codec-http-4.1.107.Final.jar;C:\Users\LAKSHAYA\.m2\repository\io\netty\netty-common\4.1.107.Final\netty-common-4.1.107.Final.jar;C:\Users\LAKSHAYA\.m2\repository\io\netty\netty-buffer\4.1.107.Final\netty-buffer-4.1.107.Final.jar;C:\Users\LAKSHAYA\.m2\repository\io\netty\netty-transport\4.1.107.Final\netty-transport-4.1.107.Final.jar;C:\Users\LAKSHAYA\.m2\repository\io\netty\netty-codec\4.1.107.Final\netty-codec-4.1.107.Final.jar;C:\Users\LAKSHAYA\.m2\repository\io\netty\netty-handler\4.1.107.Final\netty-handler-4.1.107.Final.jar;C:\Users\LAKSHAYA\.m2\repository\io\netty\netty-codec-http2\4.1.107.Final\netty-codec-http2-4.1.107.Final.jar;C:\Users\LAKSHAYA\.m2\repository\io\netty\netty-resolver-dns\4.1.107.Final\netty-resolver-dns-4.1.107.Final.jar;C:\Users\LAKSHAYA\.m2\repository\io\netty\netty-resolver\4.1.107.Final\netty-resolver-4.1.107.Final.jar;C:\Users\LAKSHAYA\.m2\repository\io\netty\netty-codec-dns\4.1.107.Final\netty-codec-dns-4.1.107.Final.jar;C:\Users\LAKSHAYA\.m2\repository\io\netty\netty-resolver-dns-native-macos\4.1.107.Final\netty-resolver-dns-native-macos-4.1.107.Final-osx-x86_64.jar;C:\Users\LAKSHAYA\.m2\repository\io\netty\netty-resolver-dns-classes-macos\4.1.107.Final\netty-resolver-dns-classes-macos-4.1.107.Final.jar;C:\Users\LAKSHAYA\.m2\repository\io\netty\netty-transport-native-epoll\4.1.107.Final\netty-transport-native-epoll-4.1.107.Final-linux-x86_64.jar;C:\Users\LAKSHAYA\.m2\repository\io\netty\netty-transport-native-unix-common\4.1.107.Final\netty-transport-native-unix-common-4.1.107.Final.jar;C:\Users\LAKSHAYA\.m2\repository\io\netty\netty-transport-classes-epoll\4.1.107.Final\netty-transport-classes-epoll-4.1.107.Final.jar;C:\Users\LAKSHAYA\.m2\repository\io\projectreactor\netty\reactor-netty-core\1.1.16\reactor-netty-core-1.1.16.jar;C:\Users\LAKSHAYA\.m2\repository\io\netty\netty-handler-proxy\4.1.107.Final\netty-handler-proxy-4.1.107.Final.jar;C:\Users\LAKSHAYA\.m2\repository\io\netty\netty-codec-socks\4.1.107.Final\netty-codec-socks-4.1.107.Final.jar;C:\Users\LAKSHAYA\.m2\repository\org\springframework\spring-webflux\6.1.4\spring-webflux-6.1.4.jar;C:\Users\LAKSHAYA\.m2\repository\io\projectreactor\reactor-core\3.6.3\reactor-core-3.6.3.jar;C:\Users\LAKSHAYA\.m2\repository\org\reactivestreams\reactive-streams\1.0.4\reactive-streams-1.0.4.jar;C:\Users\LAKSHAYA\.m2\repository\org\springframework\boot\spring-boot-starter-data-jpa\3.2.3\spring-boot-starter-data-jpa-3.2.3.jar;C:\Users\LAKSHAYA\.m2\repository\org\springframework\boot\spring-boot-starter-aop\3.2.3\spring-boot-starter-aop-3.2.3.jar;C:\Users\LAKSHAYA\.m2\repository\org\aspectj\aspectjweaver\1.9.21\aspectjweaver-1.9.21.jar;C:\Users\LAKSHAYA\.m2\repository\org\springframework\boot\spring-boot-starter-jdbc\3.2.3\spring-boot-starter-jdbc-3.2.3.jar;C:\Users\LAKSHAYA\.m2\repository\com\zaxxer\HikariCP\5.0.1\HikariCP-5.0.1.jar;C:\Users\LAKSHAYA\.m2\repository\org\springframework\spring-jdbc\6.1.4\spring-jdbc-6.1.4.jar;C:\Users\LAKSHAYA\.m2\repository\org\hibernate\orm\hibernate-core\6.4.4.Final\hibernate-core-6.4.4.Final.jar;C:\Users\LAKSHAYA\.m2\repository\jakarta\persistence\jakarta.persistence-api\3.1.0\jakarta.persistence-api-3.1.0.jar;C:\Users\LAKSHAYA\.m2\repository\jakarta\transaction\jakarta.transaction-api\2.0.1\jakarta.transaction-api-2.0.1.jar;C:\Users\LAKSHAYA\.m2\repository\org\jboss\logging\jboss-logging\3.5.3.Final\jboss-logging-3.5.3.Final.jar;C:\Users\LAKSHAYA\.m2\repository\org\hibernate\common\hibernate-commons-annotations\6.0.6.Final\hibernate-commons-annotations-6.0.6.Final.jar;C:\Users\LAKSHAYA\.m2\repository\io\smallrye\jandex\3.1.2\jandex-3.1.2.jar;C:\Users\LAKSHAYA\.m2\repository\com\fasterxml\classmate\1.6.0\classmate-1.6.0.jar;C:\Users\LAKSHAYA\.m2\repository\net\bytebuddy\byte-buddy\1.14.12\byte-buddy-1.14.12.jar;C:\Users\LAKSHAYA\.m2\repository\org\glassfish\jaxb\jaxb-runtime\4.0.4\jaxb-runtime-4.0.4.jar;C:\Users\LAKSHAYA\.m2\repository\org\glassfish\jaxb\jaxb-core\4.0.4\jaxb-core-4.0.4.jar;C:\Users\LAKSHAYA\.m2\repository\org\eclipse\angus\angus-activation\2.0.1\angus-activation-2.0.1.jar;C:\Users\LAKSHAYA\.m2\repository\org\glassfish\jaxb\txw2\4.0.4\txw2-4.0.4.jar;C:\Users\LAKSHAYA\.m2\repository\com\sun\istack\istack-commons-runtime\4.1.2\istack-commons-runtime-4.1.2.jar;C:\Users\LAKSHAYA\.m2\repository\jakarta\inject\jakarta.inject-api\2.0.1\jakarta.inject-api-2.0.1.jar;C:\Users\LAKSHAYA\.m2\repository\org\antlr\antlr4-runtime\4.13.0\antlr4-runtime-4.13.0.jar;C:\Users\LAKSHAYA\.m2\repository\org\springframework\data\spring-data-jpa\3.2.3\spring-data-jpa-3.2.3.jar;C:\Users\LAKSHAYA\.m2\repository\org\springframework\data\spring-data-commons\3.2.3\spring-data-commons-3.2.3.jar;C:\Users\LAKSHAYA\.m2\repository\org\springframework\spring-orm\6.1.4\spring-orm-6.1.4.jar;C:\Users\LAKSHAYA\.m2\repository\org\springframework\spring-tx\6.1.4\spring-tx-6.1.4.jar;C:\Users\LAKSHAYA\.m2\repository\org\slf4j\slf4j-api\2.0.12\slf4j-api-2.0.12.jar;C:\Users\LAKSHAYA\.m2\repository\org\springframework\spring-aspects\6.1.4\spring-aspects-6.1.4.jar;C:\Users\LAKSHAYA\.m2\repository\org\springframework\boot\spring-boot-starter-security\3.2.3\spring-boot-starter-security-3.2.3.jar;C:\Users\LAKSHAYA\.m2\repository\org\springframework\spring-aop\6.1.4\spring-aop-6.1.4.jar;C:\Users\LAKSHAYA\.m2\repository\org\springframework\security\spring-security-config\6.2.2\spring-security-config-6.2.2.jar;C:\Users\LAKSHAYA\.m2\repository\org\springframework\security\spring-security-web\6.2.2\spring-security-web-6.2.2.jar;C:\Users\LAKSHAYA\.m2\repository\org\springframework\boot\spring-boot-starter-validation\3.2.3\spring-boot-starter-validation-3.2.3.jar;C:\Users\LAKSHAYA\.m2\repository\org\apache\tomcat\embed\tomcat-embed-el\10.1.19\tomcat-embed-el-10.1.19.jar;C:\Users\LAKSHAYA\.m2\repository\org\hibernate\validator\hibernate-validator\8.0.1.Final\hibernate-validator-8.0.1.Final.jar;C:\Users\LAKSHAYA\.m2\repository\jakarta\validation\jakarta.validation-api\3.0.2\jakarta.validation-api-3.0.2.jar;C:\Users\LAKSHAYA\.m2\repository\com\mysql\mysql-connector-j\8.3.0\mysql-connector-j-8.3.0.jar;C:\Users\LAKSHAYA\.m2\repository\io\jsonwebtoken\jjwt-api\0.11.5\jjwt-api-0.11.5.jar;C:\Users\LAKSHAYA\.m2\repository\io\jsonwebtoken\jjwt-impl\0.11.5\jjwt-impl-0.11.5.jar;C:\Users\LAKSHAYA\.m2\repository\io\jsonwebtoken\jjwt-jackson\0.11.5\jjwt-jackson-0.11.5.jar;C:\Users\LAKSHAYA\.m2\repository\com\fasterxml\jackson\core\jackson-databind\2.15.4\jackson-databind-2.15.4.jar;C:\Users\LAKSHAYA\.m2\repository\com\fasterxml\jackson\core\jackson-annotations\2.15.4\jackson-annotations-2.15.4.jar;C:\Users\LAKSHAYA\.m2\repository\com\fasterxml\jackson\core\jackson-core\2.15.4\jackson-core-2.15.4.jar;C:\Users\LAKSHAYA\.m2\repository\org\projectlombok\lombok\1.18.30\lombok-1.18.30.jar;C:\Users\LAKSHAYA\.m2\repository\org\springframework\boot\spring-boot-starter-test\3.2.3\spring-boot-starter-test-3.2.3.jar;C:\Users\LAKSHAYA\.m2\repository\org\springframework\boot\spring-boot-test\3.2.3\spring-boot-test-3.2.3.jar;C:\Users\LAKSHAYA\.m2\repository\org\springframework\boot\spring-boot-test-autoconfigure\3.2.3\spring-boot-test-autoconfigure-3.2.3.jar;C:\Users\LAKSHAYA\.m2\repository\com\jayway\jsonpath\json-path\2.9.0\json-path-2.9.0.jar;C:\Users\LAKSHAYA\.m2\repository\jakarta\xml\bind\jakarta.xml.bind-api\4.0.1\jakarta.xml.bind-api-4.0.1.jar;C:\Users\LAKSHAYA\.m2\repository\jakarta\activation\jakarta.activation-api\2.1.2\jakarta.activation-api-2.1.2.jar;C:\Users\LAKSHAYA\.m2\repository\net\minidev\json-smart\2.5.0\json-smart-2.5.0.jar;C:\Users\LAKSHAYA\.m2\repository\net\minidev\accessors-smart\2.5.0\accessors-smart-2.5.0.jar;C:\Users\LAKSHAYA\.m2\repository\org\ow2\asm\asm\9.3\asm-9.3.jar;C:\Users\LAKSHAYA\.m2\repository\org\assertj\assertj-core\3.24.2\assertj-core-3.24.2.jar;C:\Users\LAKSHAYA\.m2\repository\org\awaitility\awaitility\4.2.0\awaitility-4.2.0.jar;C:\Users\LAKSHAYA\.m2\repository\org\hamcrest\hamcrest\2.2\hamcrest-2.2.jar;C:\Users\LAKSHAYA\.m2\repository\org\junit\jupiter\junit-jupiter\5.10.2\junit-jupiter-5.10.2.jar;C:\Users\LAKSHAYA\.m2\repository\org\junit\jupiter\junit-jupiter-api\5.10.2\junit-jupiter-api-5.10.2.jar;C:\Users\LAKSHAYA\.m2\repository\org\opentest4j\opentest4j\1.3.0\opentest4j-1.3.0.jar;C:\Users\LAKSHAYA\.m2\repository\org\junit\platform\junit-platform-commons\1.10.2\junit-platform-commons-1.10.2.jar;C:\Users\LAKSHAYA\.m2\repository\org\apiguardian\apiguardian-api\1.1.2\apiguardian-api-1.1.2.jar;C:\Users\LAKSHAYA\.m2\repository\org\junit\jupiter\junit-jupiter-params\5.10.2\junit-jupiter-params-5.10.2.jar;C:\Users\LAKSHAYA\.m2\repository\org\junit\jupiter\junit-jupiter-engine\5.10.2\junit-jupiter-engine-5.10.2.jar;C:\Users\LAKSHAYA\.m2\repository\org\junit\platform\junit-platform-engine\1.10.2\junit-platform-engine-1.10.2.jar;C:\Users\LAKSHAYA\.m2\repository\org\mockito\mockito-core\5.7.0\mockito-core-5.7.0.jar;C:\Users\LAKSHAYA\.m2\repository\net\bytebuddy\byte-buddy-agent\1.14.12\byte-buddy-agent-1.14.12.jar;C:\Users\LAKSHAYA\.m2\repository\org\objenesis\objenesis\3.3\objenesis-3.3.jar;C:\Users\LAKSHAYA\.m2\repository\org\mockito\mockito-junit-jupiter\5.7.0\mockito-junit-jupiter-5.7.0.jar;C:\Users\LAKSHAYA\.m2\repository\org\skyscreamer\jsonassert\1.5.1\jsonassert-1.5.1.jar;C:\Users\LAKSHAYA\.m2\repository\com\vaadin\external\google\android-json\0.0.20131108.vaadin1\android-json-0.0.20131108.vaadin1.jar;C:\Users\LAKSHAYA\.m2\repository\org\springframework\spring-core\6.1.4\spring-core-6.1.4.jar;C:\Users\LAKSHAYA\.m2\repository\org\springframework\spring-jcl\6.1.4\spring-jcl-6.1.4.jar;C:\Users\LAKSHAYA\.m2\repository\org\springframework\spring-test\6.1.4\spring-test-6.1.4.jar;C:\Users\LAKSHAYA\.m2\repository\org\xmlunit\xmlunit-core\2.9.1\xmlunit-core-2.9.1.jar;C:\Users\LAKSHAYA\.m2\repository\org\springframework\security\spring-security-test\6.2.2\spring-security-test-6.2.2.jar;C:\Users\LAKSHAYA\.m2\repository\org\springframework\security\spring-security-core\6.2.2\spring-security-core-6.2.2.jar;C:\Users\LAKSHAYA\.m2\repository\org\springframework\security\spring-security-crypto\6.2.2\spring-security-crypto-6.2.2.jar;"/>
    <property name="sun.cpu.endian" value="little"/>
    <property name="user.home" value="C:\Users\LAKSHAYA"/>
    <property name="user.language" value="en"/>
    <property name="java.specification.vendor" value="Oracle Corporation"/>
    <property name="java.version.date" value="2024-07-16"/>
    <property name="java.home" value="C:\Program Files\Java\jdk-17"/>
    <property name="file.separator" value="\"/>
    <property name="basedir" value="C:\Users\LAKSHAYA\Desktop\CODING\java\Projects\Smart Email Assistant\Backend\email-writer-backend"/>
    <property name="java.vm.compressedOopsMode" value="32-bit"/>
    <property name="line.separator" value="&#10;"/>
    <property name="java.vm.specification.vendor" value="Oracle Corporation"/>
    <property name="java.specification.name" value="Java Platform API Specification"/>
    <property name="FILE_LOG_CHARSET" value="windows-1252"/>
    <property name="java.awt.headless" value="true"/>
    <property name="surefire.real.class.path" value="C:\Users\LAKSHAYA\AppData\Local\Temp\surefire4729849997899266052\surefirebooter-20250913143330354_3.jar"/>
    <property name="user.script" value=""/>
    <property name="sun.management.compiler" value="HotSpot 64-Bit Tiered Compilers"/>
    <property name="java.runtime.version" value="17.0.12+8-LTS-286"/>
    <property name="user.name" value="LAKSHAYA"/>
    <property name="path.separator" value=";"/>
    <property name="os.version" value="10.0"/>
    <property name="java.runtime.name" value="Java(TM) SE Runtime Environment"/>
    <property name="file.encoding" value="Cp1252"/>
    <property name="java.vm.name" value="Java HotSpot(TM) 64-Bit Server VM"/>
    <property name="localRepository" value="C:\Users\LAKSHAYA\.m2\repository"/>
    <property name="java.vendor.url.bug" value="https://bugreport.java.com/bugreport/"/>
    <property name="java.io.tmpdir" value="C:\Users\LAKSHAYA\AppData\Local\Temp\"/>
    <property name="com.zaxxer.hikari.pool_number" value="1"/>
    <property name="java.version" value="17.0.12"/>
    <property name="user.dir" value="C:\Users\LAKSHAYA\Desktop\CODING\java\Projects\Smart Email Assistant\Backend\email-writer-backend"/>
    <property name="os.arch" value="amd64"/>
    <property name="java.vm.specification.name" value="Java Virtual Machine Specification"/>
    <property name="PID" value="17904"/>
    <property name="sun.os.patch.level" value=""/>
    <property name="CONSOLE_LOG_CHARSET" value="windows-1252"/>
    <property name="native.encoding" value="Cp1252"/>
    <property name="java.library.path" value="C:\Program Files\Java\jdk-17\bin;C:\WINDOWS\Sun\Java\bin;C:\WINDOWS\system32;C:\WINDOWS;C:\Python313\Scripts\;C:\Python313\;C:\Program Files\Microsoft MPI\Bin\;C:\Program Files\Common Files\Oracle\Java\javapath;C:\Program Files (x86)\Common Files\Oracle\Java\java8path;C:\Program Files (x86)\Common Files\Oracle\Java\javapath;C:\windows\system32;C:\windows;C:\windows\System32\Wbem;C:\windows\System32\WindowsPowerShell\v1.0\;C:\windows\System32\OpenSSH\;C:\Program Files (x86)\NVIDIA Corporation\PhysX\Common;C:\Program Files\NVIDIA Corporation\NVIDIA NvDLISR;C:\Program Files\dotnet\;C:\WINDOWS\system32;C:\WINDOWS;C:\WINDOWS\System32\Wbem;C:\WINDOWS\System32\WindowsPowerShell\v1.0\;C:\WINDOWS\System32\OpenSSH\;C:\MinGW\bin;C:\Program Files\Java\jdk-17\bin;C:\Program Files\HP\HP One Agent;C:\Program Files\Java\jdk1.8.0_202\bin;C:\Program Files\MySQL\MySQL Server 8.0\bin;C:\Program Files\Java\jdk-21\bin;C:\WINDOWS\system32;C:\WINDOWS;C:\WINDOWS\System32\Wbem;C:\WINDOWS\System32\WindowsPowerShell\v1.0\;C:\WINDOWS\System32\OpenSSH\;C:\Program Files\Git\cmd;C:\Program Files\nodejs\;C:\Program Files\Java\jdk-21\bin;C:\ProgramData\chocolatey\bin;C:\Program Files\Java\jdk-24\bin;C:\Program Files\MongoDB\mongosh-2.5.3-win32-x64\bin;C:\Program Files\Java\jdk-23\bin;c:\Users\LAKSHAYA\AppData\Local\Programs\cursor\resources\app\bin;C:\Users\LAKSHAYA\Desktop\CODING\softwares\apache-maven-3.9.10-bin\apache-maven-3.9.10\bin;;C:\Program Files\Docker\Docker\resources\bin;c:\Users\LAKSHAYA\AppData\Local\Programs\Trae\bin;C:\Users\LAKSHAYA\AppData\Local\Programs\Eclipse Adoptium\jdk-17.0.15.6-hotspot\bin;C:\Program Files\MySQL\MySQL Shell 8.0\bin\;C:\Users\LAKSHAYA\AppData\Local\Programs\Python\Python312\Scripts\;C:\Users\LAKSHAYA\AppData\Local\Programs\Python\Python312\;C:\Users\LAKSHAYA\AppData\Local\Microsoft\WindowsApps;C:\Users\LAKSHAYA\AppData\Local\JetBrains\IntelliJ IDEA Community Edition 2024.2.2\bin;;C:\Users\LAKSHAYA\AppData\Local\Programs\Microsoft VS Code\bin;C:\MinGW\bin;C:\Program Files\Java\jdk1.8.0_202\bin;C:\Program Files (x86)\Common Files\Oracle\Java\javapath\bin;C:\Program Files\Microsoft MPI\Bin\;C:\Program Files\Java\jdk-17\bin;C:\Users\LAKSHAYA\AppData\Roaming\npm;C:\Program Files (x86)\MongoDB Atlas CLI\;C:\Users\LAKSHAYA\AppData\Local\Programs\cursor\resources\app\bin;;C:\Program Files\JetBrains\WebStorm 2025.1.3\bin;;."/>
    <property name="java.vm.info" value="mixed mode, sharing"/>
    <property name="java.vendor" value="Oracle Corporation"/>
    <property name="java.vm.version" value="17.0.12+8-LTS-286"/>
    <property name="sun.io.unicode.encoding" value="UnicodeLittle"/>
    <property name="java.class.version" value="61.0"/>
  </properties>
  <testcase name="contextLoads" classname="com.email.writer.EmailWriterBackendApplicationTests" time="0.608">
    <system-out><![CDATA[14:33:31.282 [main] INFO org.springframework.test.context.support.AnnotationConfigContextLoaderUtils -- Could not detect default configuration classes for test class [com.email.writer.EmailWriterBackendApplicationTests]: EmailWriterBackendApplicationTests does not declare any static, non-private, non-final, nested classes annotated with @Configuration.
14:33:31.388 [main] INFO org.springframework.boot.test.context.SpringBootTestContextBootstrapper -- Found @SpringBootConfiguration com.email.writer.EmailWriterBackendApplication for test class com.email.writer.EmailWriterBackendApplicationTests

  .   ____          _            __ _ _
 /\\ / ___'_ __ _ _(_)_ __  __ _ \ \ \ \
( ( )\___ | '_ | '_| | '_ \/ _` | \ \ \ \
 \\/  ___)| |_)| | | | | || (_| |  ) ) ) )
  '  |____| .__|_| |_|_| |_\__, | / / / /
 =========|_|==============|___/=/_/_/_/
 :: Spring Boot ::                (v3.2.3)

2025-09-13T14:33:31.863+05:30  INFO 17904 --- [           main] c.e.w.EmailWriterBackendApplicationTests : Starting EmailWriterBackendApplicationTests using Java 17.0.12 with PID 17904 (started by LAKSHAYA in C:\Users\LAKSHAYA\Desktop\CODING\java\Projects\Smart Email Assistant\Backend\email-writer-backend)
2025-09-13T14:33:31.864+05:30 DEBUG 17904 --- [           main] c.e.w.EmailWriterBackendApplicationTests : Running with Spring Boot v3.2.3, Spring v6.1.4
2025-09-13T14:33:31.865+05:30  INFO 17904 --- [           main] c.e.w.EmailWriterBackendApplicationTests : The following 1 profile is active: "dev"
2025-09-13T14:33:32.497+05:30  INFO 17904 --- [           main] .s.d.r.c.RepositoryConfigurationDelegate : Bootstrapping Spring Data JPA repositories in DEFAULT mode.
2025-09-13T14:33:32.641+05:30  INFO 17904 --- [           main] .s.d.r.c.RepositoryConfigurationDelegate : Finished Spring Data repository scanning in 134 ms. Found 2 JPA repository interfaces.
2025-09-13T14:33:33.515+05:30  INFO 17904 --- [           main] o.hibernate.jpa.internal.util.LogHelper  : HHH000204: Processing PersistenceUnitInfo [name: default]
2025-09-13T14:33:33.603+05:30  INFO 17904 --- [           main] org.hibernate.Version                    : HHH000412: Hibernate ORM core version 6.4.4.Final
2025-09-13T14:33:33.656+05:30  INFO 17904 --- [           main] o.h.c.internal.RegionFactoryInitiator    : HHH000026: Second-level cache disabled
2025-09-13T14:33:34.027+05:30  INFO 17904 --- [           main] o.s.o.j.p.SpringPersistenceUnitInfo      : No LoadTimeWeaver setup: ignoring JPA class transformer
2025-09-13T14:33:34.062+05:30  INFO 17904 --- [           main] com.zaxxer.hikari.HikariDataSource       : HikariPool-1 - Starting...
2025-09-13T14:33:34.268+05:30  INFO 17904 --- [           main] com.zaxxer.hikari.pool.HikariPool        : HikariPool-1 - Added connection com.mysql.cj.jdbc.ConnectionImpl@7d3c22a5
2025-09-13T14:33:34.271+05:30  INFO 17904 --- [           main] com.zaxxer.hikari.HikariDataSource       : HikariPool-1 - Start completed.
2025-09-13T14:33:34.333+05:30  WARN 17904 --- [           main] org.hibernate.orm.deprecation            : HHH90000025: MySQL8Dialect does not need to be specified explicitly using 'hibernate.dialect' (remove the property setting and it will be selected by default)
2025-09-13T14:33:34.334+05:30  WARN 17904 --- [           main] org.hibernate.orm.deprecation            : HHH90000026: MySQL8Dialect has been deprecated; use org.hibernate.dialect.MySQLDialect instead
2025-09-13T14:33:35.439+05:30  INFO 17904 --- [           main] o.h.e.t.j.p.i.JtaPlatformInitiator       : HHH000489: No JTA platform available (set 'hibernate.transaction.jta.platform' to enable JTA platform integration)
2025-09-13T14:33:35.520+05:30  INFO 17904 --- [           main] j.LocalContainerEntityManagerFactoryBean : Initialized JPA EntityManagerFactory for persistence unit 'default'
2025-09-13T14:33:36.535+05:30  INFO 17904 --- [           main] o.s.d.j.r.query.QueryEnhancerFactory     : Hibernate is in classpath; If applicable, HQL parser will be used.
2025-09-13T14:33:37.453+05:30  WARN 17904 --- [           main] JpaBaseConfiguration$JpaWebConfiguration : spring.jpa.open-in-view is enabled by default. Therefore, database queries may be performed during view rendering. Explicitly configure spring.jpa.open-in-view to disable this warning
2025-09-13T14:33:37.837+05:30  INFO 17904 --- [           main] o.s.s.web.DefaultSecurityFilterChain     : Will secure any request with [org.springframework.security.web.session.DisableEncodeUrlFilter@23685592, org.springframework.security.web.context.request.async.WebAsyncManagerIntegrationFilter@495590a7, org.springframework.security.web.context.SecurityContextHolderFilter@b0f9c63, org.springframework.security.web.header.HeaderWriterFilter@34327638, org.springframework.web.filter.CorsFilter@9b195c4, org.springframework.security.web.authentication.logout.LogoutFilter@35d36423, com.email.writer.security.JwtAuthenticationFilter@62c1259f, org.springframework.security.web.savedrequest.RequestCacheAwareFilter@48f3210f, org.springframework.security.web.servletapi.SecurityContextHolderAwareRequestFilter@24c6f389, org.springframework.security.web.authentication.AnonymousAuthenticationFilter@60d5c16, org.springframework.security.web.session.SessionManagementFilter@53033e05, org.springframework.security.web.access.ExceptionTranslationFilter@4a3ebba6, org.springframework.security.web.access.intercept.AuthorizationFilter@41e5664e]
2025-09-13T14:33:38.290+05:30  INFO 17904 --- [           main] c.e.w.EmailWriterBackendApplicationTests : Started EmailWriterBackendApplicationTests in 6.725 seconds (process running for 7.788)
]]></system-out>
  </testcase>
</testsuite>